[4mInitializing[24m
Command-line options: [36m--verbose[39m

Reading "Gruntfile.js" Gruntfile...[32mOK[39m

[1mRegistering Gruntfile tasks.[22m

[1mRegistering "grunt-autoprefixer" local Npm module tasks.[22m
Reading /var/www/workspace/ngSocial/node_modules/grunt-autoprefixer/package.json...[32mOK[39m
Parsing /var/www/workspace/ngSocial/node_modules/grunt-autoprefixer/package.json...[32mOK[39m
Loading "autoprefixer.js" tasks...[32mOK[39m
+ [36mautoprefixer[39m

[1mRegistering "grunt-concurrent" local Npm module tasks.[22m
Reading /var/www/workspace/ngSocial/node_modules/grunt-concurrent/package.json...[32mOK[39m
Parsing /var/www/workspace/ngSocial/node_modules/grunt-concurrent/package.json...[32mOK[39m
Loading "concurrent.js" tasks...[32mOK[39m
+ [36mconcurrent[39m

[1mRegistering "grunt-contrib-clean" local Npm module tasks.[22m
Reading /var/www/workspace/ngSocial/node_modules/grunt-contrib-clean/package.json...[32mOK[39m
Parsing /var/www/workspace/ngSocial/node_modules/grunt-contrib-clean/package.json...[32mOK[39m
Loading "clean.js" tasks...[32mOK[39m
+ [36mclean[39m

[1mRegistering "grunt-contrib-concat" local Npm module tasks.[22m
Reading /var/www/workspace/ngSocial/node_modules/grunt-contrib-concat/package.json...[32mOK[39m
Parsing /var/www/workspace/ngSocial/node_modules/grunt-contrib-concat/package.json...[32mOK[39m
Loading "concat.js" tasks...[32mOK[39m
+ [36mconcat[39m

[1mRegistering "grunt-contrib-connect" local Npm module tasks.[22m
Reading /var/www/workspace/ngSocial/node_modules/grunt-contrib-connect/package.json...[32mOK[39m
Parsing /var/www/workspace/ngSocial/node_modules/grunt-contrib-connect/package.json...[32mOK[39m
Loading "connect.js" tasks...[32mOK[39m
+ [36mconnect[39m

[1mRegistering "grunt-contrib-copy" local Npm module tasks.[22m
Reading /var/www/workspace/ngSocial/node_modules/grunt-contrib-copy/package.json...[32mOK[39m
Parsing /var/www/workspace/ngSocial/node_modules/grunt-contrib-copy/package.json...[32mOK[39m
Loading "copy.js" tasks...[32mOK[39m
+ [36mcopy[39m

[1mRegistering "grunt-contrib-cssmin" local Npm module tasks.[22m
Reading /var/www/workspace/ngSocial/node_modules/grunt-contrib-cssmin/package.json...[32mOK[39m
Parsing /var/www/workspace/ngSocial/node_modules/grunt-contrib-cssmin/package.json...[32mOK[39m
Loading "cssmin.js" tasks...[32mOK[39m
+ [36mcssmin[39m

[1mRegistering "grunt-contrib-htmlmin" local Npm module tasks.[22m
Reading /var/www/workspace/ngSocial/node_modules/grunt-contrib-htmlmin/package.json...[32mOK[39m
Parsing /var/www/workspace/ngSocial/node_modules/grunt-contrib-htmlmin/package.json...[32mOK[39m
Loading "htmlmin.js" tasks...[32mOK[39m
+ [36mhtmlmin[39m

[1mRegistering "grunt-contrib-imagemin" local Npm module tasks.[22m
Reading /var/www/workspace/ngSocial/node_modules/grunt-contrib-imagemin/package.json...[32mOK[39m
Parsing /var/www/workspace/ngSocial/node_modules/grunt-contrib-imagemin/package.json...[32mOK[39m
Loading "imagemin.js" tasks...[32mOK[39m
+ [36mimagemin[39m

[1mRegistering "grunt-contrib-jshint" local Npm module tasks.[22m
Reading /var/www/workspace/ngSocial/node_modules/grunt-contrib-jshint/package.json...[32mOK[39m
Parsing /var/www/workspace/ngSocial/node_modules/grunt-contrib-jshint/package.json...[32mOK[39m
Loading "jshint.js" tasks...[32mOK[39m
+ [36mjshint[39m

[1mRegistering "grunt-contrib-uglify" local Npm module tasks.[22m
Reading /var/www/workspace/ngSocial/node_modules/grunt-contrib-uglify/package.json...[32mOK[39m
Parsing /var/www/workspace/ngSocial/node_modules/grunt-contrib-uglify/package.json...[32mOK[39m
Loading "uglify.js" tasks...[32mOK[39m
+ [36muglify[39m

[1mRegistering "grunt-contrib-watch" local Npm module tasks.[22m
Reading /var/www/workspace/ngSocial/node_modules/grunt-contrib-watch/package.json...[32mOK[39m
Parsing /var/www/workspace/ngSocial/node_modules/grunt-contrib-watch/package.json...[32mOK[39m
Loading "watch.js" tasks...[32mOK[39m
+ [36mwatch[39m

[1mRegistering "grunt-filerev" local Npm module tasks.[22m
Reading /var/www/workspace/ngSocial/node_modules/grunt-filerev/package.json...[32mOK[39m
Parsing /var/www/workspace/ngSocial/node_modules/grunt-filerev/package.json...[32mOK[39m
Loading "filerev.js" tasks...[32mOK[39m
+ [36mfilerev[39m

[1mRegistering "grunt-google-cdn" local Npm module tasks.[22m
Reading /var/www/workspace/ngSocial/node_modules/grunt-google-cdn/package.json...[32mOK[39m
Parsing /var/www/workspace/ngSocial/node_modules/grunt-google-cdn/package.json...[32mOK[39m
Loading "cdnify.js" tasks...[32mOK[39m
+ [36mcdnify[39m

[1mRegistering "grunt-karma" local Npm module tasks.[22m
Reading /var/www/workspace/ngSocial/node_modules/grunt-karma/package.json...[32mOK[39m
Parsing /var/www/workspace/ngSocial/node_modules/grunt-karma/package.json...[32mOK[39m
Loading "grunt-karma.js" tasks...[32mOK[39m
+ [36mkarma[39m

[1m[22m
Reading /var/www/workspace/ngSocial/node_modules/grunt-newer/package.json...[32mOK[39m
Parsing /var/www/workspace/ngSocial/node_modules/grunt-newer/package.json...[32mOK[39m
Loading "newer.js" tasks...[32mOK[39m
+ [36many-newer[39m, [36mnewer[39m, [36mnewer-clean[39m, [36mnewer-postrun[39m

[1m[22m
Reading /var/www/workspace/ngSocial/node_modules/grunt-ng-annotate/package.json...[32mOK[39m
Parsing /var/www/workspace/ngSocial/node_modules/grunt-ng-annotate/package.json...[32mOK[39m
Loading "ng-annotate.js" tasks...[32mOK[39m
+ [36mngAnnotate[39m

[1m[22m
Reading /var/www/workspace/ngSocial/node_modules/grunt-svgmin/package.json...[32mOK[39m
Parsing /var/www/workspace/ngSocial/node_modules/grunt-svgmin/package.json...[32mOK[39m
Loading "svgmin.js" tasks...[32mOK[39m
+ [36msvgmin[39m

[1m[22m
Reading /var/www/workspace/ngSocial/node_modules/grunt-usemin/package.json...[32mOK[39m
Parsing /var/www/workspace/ngSocial/node_modules/grunt-usemin/package.json...[32mOK[39m
Loading "usemin.js" tasks...[32mOK[39m
+ [36musemin[39m, [36museminPrepare[39m

[1m[22m
Reading /var/www/workspace/ngSocial/node_modules/grunt-wiredep/package.json...[32mOK[39m
Parsing /var/www/workspace/ngSocial/node_modules/grunt-wiredep/package.json...[32mOK[39m
Loading "wiredep.js" tasks...[32mOK[39m
+ [36mwiredep[39m
Initializing config...[32mOK[39m
Loading "Gruntfile.js" tasks...[32mOK[39m
+ [36mbuild[39m, [36mdefault[39m, [36mserve[39m, [36mserver[39m, [36mtest[39m

Running tasks: [36mbuild:dist[39m

[4mRunning "build:dist" (build) task[24m

[4mRunning "clean:dist" (clean) task[24m
Verifying property [36mclean.dist[39m exists in config...[32mOK[39m
Files: [36m.tmp[39m, [36mdist/.htaccess[39m, [36mdist/404.html[39m, [36mdist/favicon.ico[39m, [36mdist/fonts[39m, [36mdist/fonts/glyphicons-halflings-regular.eot[39m, [36mdist/fonts/glyphicons-halflings-regular.svg[39m, [36mdist/fonts/glyphicons-halflings-regular.ttf[39m, [36mdist/fonts/glyphicons-halflings-regular.woff[39m, [36mdist/fonts/glyphicons-halflings-regular.woff2[39m, [36mdist/images[39m, [36mdist/images/computer-icon.png[39m, [36mdist/images/yeoman.png[39m, [36mdist/index.html[39m, [36mdist/robots.txt[39m, [36mdist/scripts[39m, [36mdist/scripts/scripts.55a93c8d.js[39m, [36mdist/scripts/vendor.6dd24030.js[39m, [36mdist/styles[39m, [36mdist/styles/main.fc556139.css[39m, [36mdist/styles/vendor.d41d8cd9.css[39m, [36mdist/views[39m, [36mdist/views/facebook.html[39m, [36mdist/views/footer.html[39m, [36mdist/views/header.html[39m
Options: [36mforce=false[39m, [36mno-write=false[39m
Cleaning .tmp...
Cleaning dist/.htaccess...
Cleaning dist/404.html...
Cleaning dist/favicon.ico...
Cleaning dist/fonts...
Cleaning dist/images...
Cleaning dist/index.html...
Cleaning dist/robots.txt...
Cleaning dist/scripts...
Cleaning dist/styles...
Cleaning dist/views...
[32m>> [39m25 paths cleaned.

[4mRunning "wiredep" task[24m

[4mRunning "wiredep:app" (wiredep) task[24m
Verifying property [36mwiredep.app[39m exists in config...[32mOK[39m
Files: [36mapp/index.html[39m
Verifying property [36mwiredep.app.src[39m exists in config...[32mOK[39m
Options: [36msrc=["app/index.html"][39m, [36mignorePath={}[39m

[4mRunning "wiredep:test" (wiredep) task[24m
Verifying property [36mwiredep.test[39m exists in config...[32mOK[39m
Files: [36mtest/karma.conf.js[39m
Verifying property [36mwiredep.test.src[39m exists in config...[32mOK[39m
Options: [36mdevDependencies[39m, [36msrc="test/karma.conf.js"[39m, [36mignorePath={}[39m, [36mfileTypes={"js":{"block":{},"detect":{"js":{}},"replace":{"js":"'{{filePath}}',"}}}[39m

[4mRunning "useminPrepare" task[24m

[4mRunning "useminPrepare:html" (useminPrepare) task[24m
Verifying property [36museminPrepare.html[39m exists in config...[32mOK[39m
Files: [36mapp/index.html[39m -> [36mhtml[39m
Options: [36mdest="dist"[39m, [36mflow={"html":{"steps":{"js":["concat","uglifyjs"],"css":["cssmin"]},"post":{}}}[39m
Going through [36mapp/index.html[39m to update the config
Looking for build script HTML comment blocks

[1m[22m

[1m[22m
  { generated: 
   { files: 
      [ { dest: [32m'.tmp/concat/scripts/vendor.js'[39m,
          src: 
           [ [32m'bower_components/jquery/dist/jquery.js'[39m,
             [32m'bower_components/angular/angular.js'[39m,
             [32m'bower_components/bootstrap/dist/js/bootstrap.js'[39m,
             [32m'bower_components/angular-resource/angular-resource.js'[39m,
             [32m'bower_components/angular-route/angular-route.js'[39m,
             [32m'bower_components/ng-facebook/ngFacebook.js'[39m,
             [32m'bower_components/angular-ui-router/release/angular-ui-router.js'[39m ] },
        { dest: [32m'.tmp/concat/scripts/scripts.js'[39m,
          src: 
           [ [32m'{.tmp,app}/scripts/app.js'[39m,
             [32m'{.tmp,app}/scripts/controllers/facebook.js'[39m ] } ] } }

[1m[22m
  { generated: 
   { files: 
      [ { dest: [32m'dist/scripts/vendor.js'[39m,
          src: [ [32m'.tmp/concat/scripts/vendor.js'[39m ] },
        { dest: [32m'dist/scripts/scripts.js'[39m,
          src: [ [32m'.tmp/concat/scripts/scripts.js'[39m ] } ] } }

[1m[22m
  { generated: 
   { files: 
      [ { dest: [32m'dist/styles/vendor.css'[39m, src: [] },
        { dest: [32m'dist/styles/main.css'[39m,
          src: [ [32m'.tmp/styles/main.css'[39m ] } ] } }

[4mRunning "concurrent:dist" (concurrent) task[24m
Verifying property [36mconcurrent.dist[39m exists in config...[32mOK[39m
Files: [33m[no src][39m -> [36mdist[39m
Options: [36mlimit=8[39m
    
    [4mInitializing[24m
    Command-line options: [36m--verbose[39m
    
    Reading "Gruntfile.js" Gruntfile...[32mOK[39m
    
    [1mRegistering Gruntfile tasks.[22m
    
    [1mRegistering "grunt-autoprefixer" local Npm module tasks.[22m
    Reading /var/www/workspace/ngSocial/node_modules/grunt-autoprefixer/package.json...[32mOK[39m
    Parsing /var/www/workspace/ngSocial/node_modules/grunt-autoprefixer/package.json...[32mOK[39m
    Loading "autoprefixer.js" tasks...[32mOK[39m
    + [36mautoprefixer[39m
    
    [1mRegistering "grunt-concurrent" local Npm module tasks.[22m
    Reading /var/www/workspace/ngSocial/node_modules/grunt-concurrent/package.json...[32mOK[39m
    Parsing /var/www/workspace/ngSocial/node_modules/grunt-concurrent/package.json...[32mOK[39m
    Loading "concurrent.js" tasks...[32mOK[39m
    + [36mconcurrent[39m
    
    [1mRegistering "grunt-contrib-clean" local Npm module tasks.[22m
    Reading /var/www/workspace/ngSocial/node_modules/grunt-contrib-clean/package.json...[32mOK[39m
    Parsing /var/www/workspace/ngSocial/node_modules/grunt-contrib-clean/package.json...[32mOK[39m
    Loading "clean.js" tasks...[32mOK[39m
    + [36mclean[39m
    
    [1mRegistering "grunt-contrib-concat" local Npm module tasks.[22m
    Reading /var/www/workspace/ngSocial/node_modules/grunt-contrib-concat/package.json...[32mOK[39m
    Parsing /var/www/workspace/ngSocial/node_modules/grunt-contrib-concat/package.json...[32mOK[39m
    Loading "concat.js" tasks...[32mOK[39m
    + [36mconcat[39m
    
    [1mRegistering "grunt-contrib-connect" local Npm module tasks.[22m
    Reading /var/www/workspace/ngSocial/node_modules/grunt-contrib-connect/package.json...[32mOK[39m
    Parsing /var/www/workspace/ngSocial/node_modules/grunt-contrib-connect/package.json...[32mOK[39m
    Loading "connect.js" tasks...[32mOK[39m
    + [36mconnect[39m
    
    [1mRegistering "grunt-contrib-copy" local Npm module tasks.[22m
    Reading /var/www/workspace/ngSocial/node_modules/grunt-contrib-copy/package.json...[32mOK[39m
    Parsing /var/www/workspace/ngSocial/node_modules/grunt-contrib-copy/package.json...[32mOK[39m
    Loading "copy.js" tasks...[32mOK[39m
    + [36mcopy[39m
    
    [1mRegistering "grunt-contrib-cssmin" local Npm module tasks.[22m
    Reading /var/www/workspace/ngSocial/node_modules/grunt-contrib-cssmin/package.json...[32mOK[39m
    Parsing /var/www/workspace/ngSocial/node_modules/grunt-contrib-cssmin/package.json...[32mOK[39m
    Loading "cssmin.js" tasks...[32mOK[39m
    + [36mcssmin[39m
    
    [1mRegistering "grunt-contrib-htmlmin" local Npm module tasks.[22m
    Reading /var/www/workspace/ngSocial/node_modules/grunt-contrib-htmlmin/package.json...[32mOK[39m
    Parsing /var/www/workspace/ngSocial/node_modules/grunt-contrib-htmlmin/package.json...[32mOK[39m
    Loading "htmlmin.js" tasks...[32mOK[39m
    + [36mhtmlmin[39m
    
    [1mRegistering "grunt-contrib-imagemin" local Npm module tasks.[22m
    Reading /var/www/workspace/ngSocial/node_modules/grunt-contrib-imagemin/package.json...[32mOK[39m
    Parsing /var/www/workspace/ngSocial/node_modules/grunt-contrib-imagemin/package.json...[32mOK[39m
    Loading "imagemin.js" tasks...[32mOK[39m
    + [36mimagemin[39m
    
    [1mRegistering "grunt-contrib-jshint" local Npm module tasks.[22m
    Reading /var/www/workspace/ngSocial/node_modules/grunt-contrib-jshint/package.json...[32mOK[39m
    Parsing /var/www/workspace/ngSocial/node_modules/grunt-contrib-jshint/package.json...[32mOK[39m
    Loading "jshint.js" tasks...[32mOK[39m
    + [36mjshint[39m
    
    [1mRegistering "grunt-contrib-uglify" local Npm module tasks.[22m
    Reading /var/www/workspace/ngSocial/node_modules/grunt-contrib-uglify/package.json...[32mOK[39m
    Parsing /var/www/workspace/ngSocial/node_modules/grunt-contrib-uglify/package.json...[32mOK[39m
    Loading "uglify.js" tasks...[32mOK[39m
    + [36muglify[39m
    
    [1mRegistering "grunt-contrib-watch" local Npm module tasks.[22m
    Reading /var/www/workspace/ngSocial/node_modules/grunt-contrib-watch/package.json...[32mOK[39m
    Parsing /var/www/workspace/ngSocial/node_modules/grunt-contrib-watch/package.json...[32mOK[39m
    Loading "watch.js" tasks...[32mOK[39m
    + [36mwatch[39m
    
    [1mRegistering "grunt-filerev" local Npm module tasks.[22m
    Reading /var/www/workspace/ngSocial/node_modules/grunt-filerev/package.json...[32mOK[39m
    Parsing /var/www/workspace/ngSocial/node_modules/grunt-filerev/package.json...[32mOK[39m
    Loading "filerev.js" tasks...[32mOK[39m
    + [36mfilerev[39m
    
    [1mRegistering "grunt-google-cdn" local Npm module tasks.[22m
    Reading /var/www/workspace/ngSocial/node_modules/grunt-google-cdn/package.json...[32mOK[39m
    Parsing /var/www/workspace/ngSocial/node_modules/grunt-google-cdn/package.json...[32mOK[39m
    Loading "cdnify.js" tasks...[32mOK[39m
    + [36mcdnify[39m
    
    [1mRegistering "grunt-karma" local Npm module tasks.[22m
    Reading /var/www/workspace/ngSocial/node_modules/grunt-karma/package.json...[32mOK[39m
    Parsing /var/www/workspace/ngSocial/node_modules/grunt-karma/package.json...[32mOK[39m
    Loading "grunt-karma.js" tasks...[32mOK[39m
    + [36mkarma[39m
    
    [1m[22m
    Reading /var/www/workspace/ngSocial/node_modules/grunt-newer/package.json...[32mOK[39m
    Parsing /var/www/workspace/ngSocial/node_modules/grunt-newer/package.json...[32mOK[39m
    Loading "newer.js" tasks...[32mOK[39m
    + [36many-newer[39m, [36mnewer[39m, [36mnewer-clean[39m, [36mnewer-postrun[39m
    
    [1m[22m
    Reading /var/www/workspace/ngSocial/node_modules/grunt-ng-annotate/package.json...[32mOK[39m
    Parsing /var/www/workspace/ngSocial/node_modules/grunt-ng-annotate/package.json...[32mOK[39m
    Loading "ng-annotate.js" tasks...[32mOK[39m
    + [36mngAnnotate[39m
    
    [1m[22m
    Reading /var/www/workspace/ngSocial/node_modules/grunt-svgmin/package.json...[32mOK[39m
    Parsing /var/www/workspace/ngSocial/node_modules/grunt-svgmin/package.json...[32mOK[39m
    Loading "svgmin.js" tasks...[32mOK[39m
    + [36msvgmin[39m
    
    [1m[22m
    Reading /var/www/workspace/ngSocial/node_modules/grunt-usemin/package.json...[32mOK[39m
    Parsing /var/www/workspace/ngSocial/node_modules/grunt-usemin/package.json...[32mOK[39m
    Loading "usemin.js" tasks...[32mOK[39m
    + [36musemin[39m, [36museminPrepare[39m
    
    [1m[22m
    Reading /var/www/workspace/ngSocial/node_modules/grunt-wiredep/package.json...[32mOK[39m
    Parsing /var/www/workspace/ngSocial/node_modules/grunt-wiredep/package.json...[32mOK[39m
    Loading "wiredep.js" tasks...[32mOK[39m
    + [36mwiredep[39m
    Initializing config...[32mOK[39m
    Loading "Gruntfile.js" tasks...[32mOK[39m
    + [36mbuild[39m, [36mdefault[39m, [36mserve[39m, [36mserver[39m, [36mtest[39m
    
    Running tasks: [36mcopy:styles[39m
    
    [4mRunning "copy:styles" (copy) task[24m
    Verifying property [36mcopy.styles[39m exists in config...[32mOK[39m
    Files: [36mapp/styles/main.css[39m -> [36m.tmp/styles/main.css[39m
    Options: [36mencoding="utf8"[39m, [36mprocessContent=false[39m, [36mprocessContentExclude=[][39m, [36mtimestamp=false[39m, [36mmode=false[39m
    Copying app/styles/main.css -> .tmp/styles/main.css
    Reading app/styles/main.css...[32mOK[39m
    Writing .tmp/styles/main.css...[32mOK[39m
    Copied 1 file
    
    [32mDone, without errors.[39m
    
    
    Execution Time (2016-02-04 10:38:17 UTC)
    loading tasks  25ms  ▇▇▇▇▇▇▇▇▇▇▇▇▇▇▇▇▇ 36%
    copy:styles    44ms  ▇▇▇▇▇▇▇▇▇▇▇▇▇▇▇▇▇▇▇▇▇▇▇▇▇▇▇▇▇▇ 63%
    Total 70ms
        
    [4mInitializing[24m
    Command-line options: [36m--verbose[39m
    
    Reading "Gruntfile.js" Gruntfile...[32mOK[39m
    
    [1mRegistering Gruntfile tasks.[22m
    
    [1mRegistering "grunt-autoprefixer" local Npm module tasks.[22m
    Reading /var/www/workspace/ngSocial/node_modules/grunt-autoprefixer/package.json...[32mOK[39m
    Parsing /var/www/workspace/ngSocial/node_modules/grunt-autoprefixer/package.json...[32mOK[39m
    Loading "autoprefixer.js" tasks...[32mOK[39m
    + [36mautoprefixer[39m
    
    [1mRegistering "grunt-concurrent" local Npm module tasks.[22m
    Reading /var/www/workspace/ngSocial/node_modules/grunt-concurrent/package.json...[32mOK[39m
    Parsing /var/www/workspace/ngSocial/node_modules/grunt-concurrent/package.json...[32mOK[39m
    Loading "concurrent.js" tasks...[32mOK[39m
    + [36mconcurrent[39m
    
    [1mRegistering "grunt-contrib-clean" local Npm module tasks.[22m
    Reading /var/www/workspace/ngSocial/node_modules/grunt-contrib-clean/package.json...[32mOK[39m
    Parsing /var/www/workspace/ngSocial/node_modules/grunt-contrib-clean/package.json...[32mOK[39m
    Loading "clean.js" tasks...[32mOK[39m
    + [36mclean[39m
    
    [1mRegistering "grunt-contrib-concat" local Npm module tasks.[22m
    Reading /var/www/workspace/ngSocial/node_modules/grunt-contrib-concat/package.json...[32mOK[39m
    Parsing /var/www/workspace/ngSocial/node_modules/grunt-contrib-concat/package.json...[32mOK[39m
    Loading "concat.js" tasks...[32mOK[39m
    + [36mconcat[39m
    
    [1mRegistering "grunt-contrib-connect" local Npm module tasks.[22m
    Reading /var/www/workspace/ngSocial/node_modules/grunt-contrib-connect/package.json...[32mOK[39m
    Parsing /var/www/workspace/ngSocial/node_modules/grunt-contrib-connect/package.json...[32mOK[39m
    Loading "connect.js" tasks...[32mOK[39m
    + [36mconnect[39m
    
    [1mRegistering "grunt-contrib-copy" local Npm module tasks.[22m
    Reading /var/www/workspace/ngSocial/node_modules/grunt-contrib-copy/package.json...[32mOK[39m
    Parsing /var/www/workspace/ngSocial/node_modules/grunt-contrib-copy/package.json...[32mOK[39m
    Loading "copy.js" tasks...[32mOK[39m
    + [36mcopy[39m
    
    [1mRegistering "grunt-contrib-cssmin" local Npm module tasks.[22m
    Reading /var/www/workspace/ngSocial/node_modules/grunt-contrib-cssmin/package.json...[32mOK[39m
    Parsing /var/www/workspace/ngSocial/node_modules/grunt-contrib-cssmin/package.json...[32mOK[39m
    Loading "cssmin.js" tasks...[32mOK[39m
    + [36mcssmin[39m
    
    [1mRegistering "grunt-contrib-htmlmin" local Npm module tasks.[22m
    Reading /var/www/workspace/ngSocial/node_modules/grunt-contrib-htmlmin/package.json...[32mOK[39m
    Parsing /var/www/workspace/ngSocial/node_modules/grunt-contrib-htmlmin/package.json...[32mOK[39m
    Loading "htmlmin.js" tasks...[32mOK[39m
    + [36mhtmlmin[39m
    
    [1mRegistering "grunt-contrib-imagemin" local Npm module tasks.[22m
    Reading /var/www/workspace/ngSocial/node_modules/grunt-contrib-imagemin/package.json...[32mOK[39m
    Parsing /var/www/workspace/ngSocial/node_modules/grunt-contrib-imagemin/package.json...[32mOK[39m
    Loading "imagemin.js" tasks...[32mOK[39m
    + [36mimagemin[39m
    
    [1mRegistering "grunt-contrib-jshint" local Npm module tasks.[22m
    Reading /var/www/workspace/ngSocial/node_modules/grunt-contrib-jshint/package.json...[32mOK[39m
    Parsing /var/www/workspace/ngSocial/node_modules/grunt-contrib-jshint/package.json...[32mOK[39m
    Loading "jshint.js" tasks...[32mOK[39m
    + [36mjshint[39m
    
    [1mRegistering "grunt-contrib-uglify" local Npm module tasks.[22m
    Reading /var/www/workspace/ngSocial/node_modules/grunt-contrib-uglify/package.json...[32mOK[39m
    Parsing /var/www/workspace/ngSocial/node_modules/grunt-contrib-uglify/package.json...[32mOK[39m
    Loading "uglify.js" tasks...[32mOK[39m
    + [36muglify[39m
    
    [1mRegistering "grunt-contrib-watch" local Npm module tasks.[22m
    Reading /var/www/workspace/ngSocial/node_modules/grunt-contrib-watch/package.json...[32mOK[39m
    Parsing /var/www/workspace/ngSocial/node_modules/grunt-contrib-watch/package.json...[32mOK[39m
    Loading "watch.js" tasks...[32mOK[39m
    + [36mwatch[39m
    
    [1mRegistering "grunt-filerev" local Npm module tasks.[22m
    Reading /var/www/workspace/ngSocial/node_modules/grunt-filerev/package.json...[32mOK[39m
    Parsing /var/www/workspace/ngSocial/node_modules/grunt-filerev/package.json...[32mOK[39m
    Loading "filerev.js" tasks...[32mOK[39m
    + [36mfilerev[39m
    
    [1mRegistering "grunt-google-cdn" local Npm module tasks.[22m
    Reading /var/www/workspace/ngSocial/node_modules/grunt-google-cdn/package.json...[32mOK[39m
    Parsing /var/www/workspace/ngSocial/node_modules/grunt-google-cdn/package.json...[32mOK[39m
    Loading "cdnify.js" tasks...[32mOK[39m
    + [36mcdnify[39m
    
    [1mRegistering "grunt-karma" local Npm module tasks.[22m
    Reading /var/www/workspace/ngSocial/node_modules/grunt-karma/package.json...[32mOK[39m
    Parsing /var/www/workspace/ngSocial/node_modules/grunt-karma/package.json...[32mOK[39m
    Loading "grunt-karma.js" tasks...[32mOK[39m
    + [36mkarma[39m
    
    [1m[22m
    Reading /var/www/workspace/ngSocial/node_modules/grunt-newer/package.json...[32mOK[39m
    Parsing /var/www/workspace/ngSocial/node_modules/grunt-newer/package.json...[32mOK[39m
    Loading "newer.js" tasks...[32mOK[39m
    + [36many-newer[39m, [36mnewer[39m, [36mnewer-clean[39m, [36mnewer-postrun[39m
    
    [1m[22m
    Reading /var/www/workspace/ngSocial/node_modules/grunt-ng-annotate/package.json...[32mOK[39m
    Parsing /var/www/workspace/ngSocial/node_modules/grunt-ng-annotate/package.json...[32mOK[39m
    Loading "ng-annotate.js" tasks...[32mOK[39m
    + [36mngAnnotate[39m
    
    [1m[22m
    Reading /var/www/workspace/ngSocial/node_modules/grunt-svgmin/package.json...[32mOK[39m
    Parsing /var/www/workspace/ngSocial/node_modules/grunt-svgmin/package.json...[32mOK[39m
    Loading "svgmin.js" tasks...[32mOK[39m
    + [36msvgmin[39m
    
    [1m[22m
    Reading /var/www/workspace/ngSocial/node_modules/grunt-usemin/package.json...[32mOK[39m
    Parsing /var/www/workspace/ngSocial/node_modules/grunt-usemin/package.json...[32mOK[39m
    Loading "usemin.js" tasks...[32mOK[39m
    + [36musemin[39m, [36museminPrepare[39m
    
    [1m[22m
    Reading /var/www/workspace/ngSocial/node_modules/grunt-wiredep/package.json...[32mOK[39m
    Parsing /var/www/workspace/ngSocial/node_modules/grunt-wiredep/package.json...[32mOK[39m
    Loading "wiredep.js" tasks...[32mOK[39m
    + [36mwiredep[39m
    Initializing config...[32mOK[39m
    Loading "Gruntfile.js" tasks...[32mOK[39m
    + [36mbuild[39m, [36mdefault[39m, [36mserve[39m, [36mserver[39m, [36mtest[39m
    
    Running tasks: [36msvgmin[39m
    
    [4mRunning "svgmin" task[24m
    
    [4mRunning "svgmin:dist" (svgmin) task[24m
    Verifying property [36msvgmin.dist[39m exists in config...[32mOK[39m
    Options: [36m(none)[39m
    Total saved: 0 B
    
    [32mDone, without errors.[39m
    
    
    Execution Time (2016-02-04 10:38:17 UTC)
    loading tasks   30ms  ▇▇▇▇▇▇▇ 14%
    svgmin:dist    190ms  ▇▇▇▇▇▇▇▇▇▇▇▇▇▇▇▇▇▇▇▇▇▇▇▇▇▇▇▇▇▇▇▇▇▇▇▇▇▇▇▇▇ 86%
    Total 221ms
        
    [4mInitializing[24m
    Command-line options: [36m--verbose[39m
    
    Reading "Gruntfile.js" Gruntfile...[32mOK[39m
    
    [1mRegistering Gruntfile tasks.[22m
    
    [1mRegistering "grunt-autoprefixer" local Npm module tasks.[22m
    Reading /var/www/workspace/ngSocial/node_modules/grunt-autoprefixer/package.json...[32mOK[39m
    Parsing /var/www/workspace/ngSocial/node_modules/grunt-autoprefixer/package.json...[32mOK[39m
    Loading "autoprefixer.js" tasks...[32mOK[39m
    + [36mautoprefixer[39m
    
    [1mRegistering "grunt-concurrent" local Npm module tasks.[22m
    Reading /var/www/workspace/ngSocial/node_modules/grunt-concurrent/package.json...[32mOK[39m
    Parsing /var/www/workspace/ngSocial/node_modules/grunt-concurrent/package.json...[32mOK[39m
    Loading "concurrent.js" tasks...[32mOK[39m
    + [36mconcurrent[39m
    
    [1mRegistering "grunt-contrib-clean" local Npm module tasks.[22m
    Reading /var/www/workspace/ngSocial/node_modules/grunt-contrib-clean/package.json...[32mOK[39m
    Parsing /var/www/workspace/ngSocial/node_modules/grunt-contrib-clean/package.json...[32mOK[39m
    Loading "clean.js" tasks...[32mOK[39m
    + [36mclean[39m
    
    [1mRegistering "grunt-contrib-concat" local Npm module tasks.[22m
    Reading /var/www/workspace/ngSocial/node_modules/grunt-contrib-concat/package.json...[32mOK[39m
    Parsing /var/www/workspace/ngSocial/node_modules/grunt-contrib-concat/package.json...[32mOK[39m
    Loading "concat.js" tasks...[32mOK[39m
    + [36mconcat[39m
    
    [1mRegistering "grunt-contrib-connect" local Npm module tasks.[22m
    Reading /var/www/workspace/ngSocial/node_modules/grunt-contrib-connect/package.json...[32mOK[39m
    Parsing /var/www/workspace/ngSocial/node_modules/grunt-contrib-connect/package.json...[32mOK[39m
    Loading "connect.js" tasks...[32mOK[39m
    + [36mconnect[39m
    
    [1mRegistering "grunt-contrib-copy" local Npm module tasks.[22m
    Reading /var/www/workspace/ngSocial/node_modules/grunt-contrib-copy/package.json...[32mOK[39m
    Parsing /var/www/workspace/ngSocial/node_modules/grunt-contrib-copy/package.json...[32mOK[39m
    Loading "copy.js" tasks...[32mOK[39m
    + [36mcopy[39m
    
    [1mRegistering "grunt-contrib-cssmin" local Npm module tasks.[22m
    Reading /var/www/workspace/ngSocial/node_modules/grunt-contrib-cssmin/package.json...[32mOK[39m
    Parsing /var/www/workspace/ngSocial/node_modules/grunt-contrib-cssmin/package.json...[32mOK[39m
    Loading "cssmin.js" tasks...[32mOK[39m
    + [36mcssmin[39m
    
    [1mRegistering "grunt-contrib-htmlmin" local Npm module tasks.[22m
    Reading /var/www/workspace/ngSocial/node_modules/grunt-contrib-htmlmin/package.json...[32mOK[39m
    Parsing /var/www/workspace/ngSocial/node_modules/grunt-contrib-htmlmin/package.json...[32mOK[39m
    Loading "htmlmin.js" tasks...[32mOK[39m
    + [36mhtmlmin[39m
    
    [1mRegistering "grunt-contrib-imagemin" local Npm module tasks.[22m
    Reading /var/www/workspace/ngSocial/node_modules/grunt-contrib-imagemin/package.json...[32mOK[39m
    Parsing /var/www/workspace/ngSocial/node_modules/grunt-contrib-imagemin/package.json...[32mOK[39m
    Loading "imagemin.js" tasks...[32mOK[39m
    + [36mimagemin[39m
    
    [1mRegistering "grunt-contrib-jshint" local Npm module tasks.[22m
    Reading /var/www/workspace/ngSocial/node_modules/grunt-contrib-jshint/package.json...[32mOK[39m
    Parsing /var/www/workspace/ngSocial/node_modules/grunt-contrib-jshint/package.json...[32mOK[39m
    Loading "jshint.js" tasks...[32mOK[39m
    + [36mjshint[39m
    
    [1mRegistering "grunt-contrib-uglify" local Npm module tasks.[22m
    Reading /var/www/workspace/ngSocial/node_modules/grunt-contrib-uglify/package.json...[32mOK[39m
    Parsing /var/www/workspace/ngSocial/node_modules/grunt-contrib-uglify/package.json...[32mOK[39m
    Loading "uglify.js" tasks...[32mOK[39m
    + [36muglify[39m
    
    [1mRegistering "grunt-contrib-watch" local Npm module tasks.[22m
    Reading /var/www/workspace/ngSocial/node_modules/grunt-contrib-watch/package.json...[32mOK[39m
    Parsing /var/www/workspace/ngSocial/node_modules/grunt-contrib-watch/package.json...[32mOK[39m
    Loading "watch.js" tasks...[32mOK[39m
    + [36mwatch[39m
    
    [1mRegistering "grunt-filerev" local Npm module tasks.[22m
    Reading /var/www/workspace/ngSocial/node_modules/grunt-filerev/package.json...[32mOK[39m
    Parsing /var/www/workspace/ngSocial/node_modules/grunt-filerev/package.json...[32mOK[39m
    Loading "filerev.js" tasks...[32mOK[39m
    + [36mfilerev[39m
    
    [1mRegistering "grunt-google-cdn" local Npm module tasks.[22m
    Reading /var/www/workspace/ngSocial/node_modules/grunt-google-cdn/package.json...[32mOK[39m
    Parsing /var/www/workspace/ngSocial/node_modules/grunt-google-cdn/package.json...[32mOK[39m
    Loading "cdnify.js" tasks...[32mOK[39m
    + [36mcdnify[39m
    
    [1mRegistering "grunt-karma" local Npm module tasks.[22m
    Reading /var/www/workspace/ngSocial/node_modules/grunt-karma/package.json...[32mOK[39m
    Parsing /var/www/workspace/ngSocial/node_modules/grunt-karma/package.json...[32mOK[39m
    Loading "grunt-karma.js" tasks...[32mOK[39m
    + [36mkarma[39m
    
    [1m[22m
    Reading /var/www/workspace/ngSocial/node_modules/grunt-newer/package.json...[32mOK[39m
    Parsing /var/www/workspace/ngSocial/node_modules/grunt-newer/package.json...[32mOK[39m
    Loading "newer.js" tasks...[32mOK[39m
    + [36many-newer[39m, [36mnewer[39m, [36mnewer-clean[39m, [36mnewer-postrun[39m
    
    [1m[22m
    Reading /var/www/workspace/ngSocial/node_modules/grunt-ng-annotate/package.json...[32mOK[39m
    Parsing /var/www/workspace/ngSocial/node_modules/grunt-ng-annotate/package.json...[32mOK[39m
    Loading "ng-annotate.js" tasks...[32mOK[39m
    + [36mngAnnotate[39m
    
    [1m[22m
    Reading /var/www/workspace/ngSocial/node_modules/grunt-svgmin/package.json...[32mOK[39m
    Parsing /var/www/workspace/ngSocial/node_modules/grunt-svgmin/package.json...[32mOK[39m
    Loading "svgmin.js" tasks...[32mOK[39m
    + [36msvgmin[39m
    
    [1m[22m
    Reading /var/www/workspace/ngSocial/node_modules/grunt-usemin/package.json...[32mOK[39m
    Parsing /var/www/workspace/ngSocial/node_modules/grunt-usemin/package.json...[32mOK[39m
    Loading "usemin.js" tasks...[32mOK[39m
    + [36musemin[39m, [36museminPrepare[39m
    
    [1m[22m
    Reading /var/www/workspace/ngSocial/node_modules/grunt-wiredep/package.json...[32mOK[39m
    Parsing /var/www/workspace/ngSocial/node_modules/grunt-wiredep/package.json...[32mOK[39m
    Loading "wiredep.js" tasks...[32mOK[39m
    + [36mwiredep[39m
    Initializing config...[32mOK[39m
    Loading "Gruntfile.js" tasks...[32mOK[39m
    + [36mbuild[39m, [36mdefault[39m, [36mserve[39m, [36mserver[39m, [36mtest[39m
    
    Running tasks: [36mimagemin[39m
    
    [4mRunning "imagemin" task[24m
    
    [4mRunning "imagemin:dist" (imagemin) task[24m
    Verifying property [36mimagemin.dist[39m exists in config...[32mOK[39m
    Files: [36mapp/images/computer-icon.png[39m -> [36mdist/images/computer-icon.png[39m
    Files: [36mapp/images/yeoman.png[39m -> [36mdist/images/yeoman.png[39m
    Options: [36minterlaced[39m, [36moptimizationLevel=3[39m, [36mprogressive[39m
    ✔ app/images/yeoman.png (saved 5.01 kB - 37%)
    ✔ app/images/computer-icon.png (saved 5.08 kB - 9%)
    Minified 2 images (saved 10.09 kB)
    
    [32mDone, without errors.[39m
    
    
    Execution Time (2016-02-04 10:38:17 UTC)
    loading tasks  35ms  ▇ 2%
    imagemin:dist  1.7s  ▇▇▇▇▇▇▇▇▇▇▇▇▇▇▇▇▇▇▇▇▇▇▇▇▇▇▇▇▇▇▇▇▇▇▇▇▇▇▇▇▇▇▇▇▇▇ 98%
    Total 1.7s
    
[4mRunning "autoprefixer" task[24m

[4mRunning "autoprefixer:server" (autoprefixer) task[24m
Verifying property [36mautoprefixer.server[39m exists in config...[32mOK[39m
Files: [36m.tmp/styles/main.css[39m -> [36m.tmp/styles/main.css[39m
Options: [36mbrowsers=["last 1 version"][39m, [36mcascade[39m, [36mdiff=false[39m, [36mmap[39m, [36msilent=false[39m, [36mremove[39m, [36msafe=false[39m
Reading .tmp/styles/main.css...[32mOK[39m
Writing .tmp/styles/main.css...[32mOK[39m
File .tmp/styles/main.css created.

[4mRunning "autoprefixer:dist" (autoprefixer) task[24m
Verifying property [36mautoprefixer.dist[39m exists in config...[32mOK[39m
Files: [36m.tmp/styles/main.css[39m -> [36m.tmp/styles/main.css[39m
Options: [36mbrowsers=["last 1 version"][39m, [36mcascade[39m, [36mdiff=false[39m, [36mmap=false[39m, [36msilent=false[39m, [36mremove[39m, [36msafe=false[39m
Reading .tmp/styles/main.css...[32mOK[39m
Writing .tmp/styles/main.css...[32mOK[39m
File .tmp/styles/main.css created.

[4mRunning "concat" task[24m

[4mRunning "concat:generated" (concat) task[24m
Verifying property [36mconcat.generated[39m exists in config...[32mOK[39m
Files: [36mbower_components/jquery/dist/jquery.js[39m, [36mbower_components/angular/angular.js[39m, [36mbower_components/bootstrap/dist/js/bootstrap.js[39m, [36mbower_components/angular-resource/angular-resource.js[39m, [36mbower_components/angular-route/angular-route.js[39m, [36mbower_components/ng-facebook/ngFacebook.js[39m, [36mbower_components/angular-ui-router/release/angular-ui-router.js[39m -> [36m.tmp/concat/scripts/vendor.js[39m
Files: [36mapp/scripts/app.js[39m, [36mapp/scripts/controllers/facebook.js[39m -> [36m.tmp/concat/scripts/scripts.js[39m
Options: [36mseparator="\n"[39m, [36mbanner=""[39m, [36mfooter=""[39m, [36mstripBanners=false[39m, [36mprocess=false[39m, [36msourceMap=false[39m, [36msourceMapName=undefined[39m, [36msourceMapStyle="embed"[39m
Reading bower_components/jquery/dist/jquery.js...[32mOK[39m
Reading bower_components/angular/angular.js...[32mOK[39m
Reading bower_components/bootstrap/dist/js/bootstrap.js...[32mOK[39m
Reading bower_components/angular-resource/angular-resource.js...[32mOK[39m
Reading bower_components/angular-route/angular-route.js...[32mOK[39m
Reading bower_components/ng-facebook/ngFacebook.js...[32mOK[39m
Reading bower_components/angular-ui-router/release/angular-ui-router.js...[32mOK[39m
Writing .tmp/concat/scripts/vendor.js...[32mOK[39m
File .tmp/concat/scripts/vendor.js created.
Reading app/scripts/app.js...[32mOK[39m
Reading app/scripts/controllers/facebook.js...[32mOK[39m
Writing .tmp/concat/scripts/scripts.js...[32mOK[39m
File .tmp/concat/scripts/scripts.js created.

[4mRunning "ngAnnotate" task[24m

[4mRunning "ngAnnotate:dist" (ngAnnotate) task[24m
Verifying property [36mngAnnotate.dist[39m exists in config...[32mOK[39m
Files: [36m.tmp/concat/scripts/scripts.js[39m -> [36m.tmp/concat/scripts/scripts.js[39m
Files: [36m.tmp/concat/scripts/vendor.js[39m -> [36m.tmp/concat/scripts/vendor.js[39m
Options: [36m(none)[39m
Reading .tmp/concat/scripts/scripts.js...[32mOK[39m
Writing .tmp/concat/scripts/scripts.js...[32mOK[39m
Reading .tmp/concat/scripts/vendor.js...[32mOK[39m
Writing .tmp/concat/scripts/vendor.js...[32mOK[39m
[32m>> [39m2 files successfully generated.

[4mRunning "copy:dist" (copy) task[24m
Verifying property [36mcopy.dist[39m exists in config...[32mOK[39m
Files: [36mapp/favicon.ico[39m -> [36mdist/favicon.ico[39m
Files: [36mapp/robots.txt[39m -> [36mdist/robots.txt[39m
Files: [36mapp/.htaccess[39m -> [36mdist/.htaccess[39m
Files: [36mapp/404.html[39m -> [36mdist/404.html[39m
Files: [36mapp/index.html[39m -> [36mdist/index.html[39m
Files: [36mapp/views/facebook.html[39m -> [36mdist/views/facebook.html[39m
Files: [36mapp/views/footer.html[39m -> [36mdist/views/footer.html[39m
Files: [36mapp/views/header.html[39m -> [36mdist/views/header.html[39m
Files: [36mbower_components/bootstrap/dist/fonts/glyphicons-halflings-regular.eot[39m -> [36mdist/fonts/glyphicons-halflings-regular.eot[39m
Files: [36mbower_components/bootstrap/dist/fonts/glyphicons-halflings-regular.svg[39m -> [36mdist/fonts/glyphicons-halflings-regular.svg[39m
Files: [36mbower_components/bootstrap/dist/fonts/glyphicons-halflings-regular.ttf[39m -> [36mdist/fonts/glyphicons-halflings-regular.ttf[39m
Files: [36mbower_components/bootstrap/dist/fonts/glyphicons-halflings-regular.woff[39m -> [36mdist/fonts/glyphicons-halflings-regular.woff[39m
Files: [36mbower_components/bootstrap/dist/fonts/glyphicons-halflings-regular.woff2[39m -> [36mdist/fonts/glyphicons-halflings-regular.woff2[39m
Options: [36mencoding="utf8"[39m, [36mprocessContent=false[39m, [36mprocessContentExclude=[][39m, [36mtimestamp=false[39m, [36mmode=false[39m
Copying app/favicon.ico -> dist/favicon.ico
Reading app/favicon.ico...[32mOK[39m
Writing dist/favicon.ico...[32mOK[39m
Copying app/robots.txt -> dist/robots.txt
Reading app/robots.txt...[32mOK[39m
Writing dist/robots.txt...[32mOK[39m
Copying app/.htaccess -> dist/.htaccess
Reading app/.htaccess...[32mOK[39m
Writing dist/.htaccess...[32mOK[39m
Copying app/404.html -> dist/404.html
Reading app/404.html...[32mOK[39m
Writing dist/404.html...[32mOK[39m
Copying app/index.html -> dist/index.html
Reading app/index.html...[32mOK[39m
Writing dist/index.html...[32mOK[39m
Copying app/views/facebook.html -> dist/views/facebook.html
Reading app/views/facebook.html...[32mOK[39m
Writing dist/views/facebook.html...[32mOK[39m
Copying app/views/footer.html -> dist/views/footer.html
Reading app/views/footer.html...[32mOK[39m
Writing dist/views/footer.html...[32mOK[39m
Copying app/views/header.html -> dist/views/header.html
Reading app/views/header.html...[32mOK[39m
Writing dist/views/header.html...[32mOK[39m
Copying bower_components/bootstrap/dist/fonts/glyphicons-halflings-regular.eot -> dist/fonts/glyphicons-halflings-regular.eot
Reading bower_components/bootstrap/dist/fonts/glyphicons-halflings-regular.eot...[32mOK[39m
Writing dist/fonts/glyphicons-halflings-regular.eot...[32mOK[39m
Copying bower_components/bootstrap/dist/fonts/glyphicons-halflings-regular.svg -> dist/fonts/glyphicons-halflings-regular.svg
Reading bower_components/bootstrap/dist/fonts/glyphicons-halflings-regular.svg...[32mOK[39m
Writing dist/fonts/glyphicons-halflings-regular.svg...[32mOK[39m
Copying bower_components/bootstrap/dist/fonts/glyphicons-halflings-regular.ttf -> dist/fonts/glyphicons-halflings-regular.ttf
Reading bower_components/bootstrap/dist/fonts/glyphicons-halflings-regular.ttf...[32mOK[39m
Writing dist/fonts/glyphicons-halflings-regular.ttf...[32mOK[39m
Copying bower_components/bootstrap/dist/fonts/glyphicons-halflings-regular.woff -> dist/fonts/glyphicons-halflings-regular.woff
Reading bower_components/bootstrap/dist/fonts/glyphicons-halflings-regular.woff...[32mOK[39m
Writing dist/fonts/glyphicons-halflings-regular.woff...[32mOK[39m
Copying bower_components/bootstrap/dist/fonts/glyphicons-halflings-regular.woff2 -> dist/fonts/glyphicons-halflings-regular.woff2
Reading bower_components/bootstrap/dist/fonts/glyphicons-halflings-regular.woff2...[32mOK[39m
Writing dist/fonts/glyphicons-halflings-regular.woff2...[32mOK[39m
Copied 13 files

[4mRunning "cdnify" task[24m

[4mRunning "cdnify:dist" (cdnify) task[24m
Verifying property [36mcdnify.dist[39m exists in config...[32mOK[39m
File: [33m[no files][39m
Reading bower.json...[32mOK[39m
Parsing bower.json...[32mOK[39m
Options: [36mcdn="google"[39m
Going through [36mdist/404.html[39m, [36mdist/index.html[39m to update script refs
Reading dist/404.html...[32mOK[39m
Reading dist/index.html...[32mOK[39m
✔ bower_components/angular/angular.js changed to //ajax.googleapis.com/ajax/libs/angularjs/1.5.0-beta.1/angular.min.js
✔ bower_components/angular-resource/angular-resource.js changed to //ajax.googleapis.com/ajax/libs/angularjs/1.5.0-beta.1/angular-resource.min.js
✔ bower_components/angular-route/angular-route.js changed to //ajax.googleapis.com/ajax/libs/angularjs/1.5.0-beta.1/angular-route.min.js
Writing dist/404.html...[32mOK[39m
✔ bower_components/angular/angular.js changed to //ajax.googleapis.com/ajax/libs/angularjs/1.5.0-beta.1/angular.min.js
✔ bower_components/angular-resource/angular-resource.js changed to //ajax.googleapis.com/ajax/libs/angularjs/1.5.0-beta.1/angular-resource.min.js
✔ bower_components/angular-route/angular-route.js changed to //ajax.googleapis.com/ajax/libs/angularjs/1.5.0-beta.1/angular-route.min.js
Writing dist/index.html...[32mOK[39m

[4mRunning "cssmin" task[24m

[4mRunning "cssmin:generated" (cssmin) task[24m
Verifying property [36mcssmin.generated[39m exists in config...[32mOK[39m
Files: [33m[no src][39m -> [36mdist/styles/vendor.css[39m
Files: [36m.tmp/styles/main.css[39m -> [36mdist/styles/main.css[39m
Options: [36mrebase=false[39m, [36mreport="min"[39m, [36msourceMap=false[39m
Writing dist/styles/vendor.css...[32mOK[39m
File dist/styles/vendor.css created 0 B → 0 B
Options: [36mrebase=false[39m, [36mreport="min"[39m, [36msourceMap=false[39m
Reading .tmp/styles/main.css...[32mOK[39m
Writing dist/styles/main.css...[32mOK[39m
File dist/styles/main.css created 365 B → 257 B
[32m>> [39m2 files created. 365 B → 257 B

[4mRunning "uglify" task[24m

[4mRunning "uglify:generated" (uglify) task[24m
Verifying property [36muglify.generated[39m exists in config...[32mOK[39m
Files: [36m.tmp/concat/scripts/vendor.js[39m -> [36mdist/scripts/vendor.js[39m
Files: [36m.tmp/concat/scripts/scripts.js[39m -> [36mdist/scripts/scripts.js[39m
Options: [36mbanner=""[39m, [36mfooter=""[39m, [36mcompress={"warnings":false}[39m, [36mmangle={}[39m, [36mbeautify=false[39m, [36mreport="min"[39m, [36mexpression=false[39m, [36mmaxLineLen=32000[39m, [36mASCIIOnly=false[39m
Minifying with UglifyJS...Reading .tmp/concat/scripts/vendor.js...[32mOK[39m
[32mOK[39m
Writing dist/scripts/vendor.js...[32mOK[39m
File dist/scripts/vendor.js created: 1.66 MB → 325.39 kB
Minifying with UglifyJS...Reading .tmp/concat/scripts/scripts.js...[32mOK[39m
[32mOK[39m
Writing dist/scripts/scripts.js...[32mOK[39m
File dist/scripts/scripts.js created: 1.8 kB → 988 B
[32m>> [39m2 files created.

[4mRunning "filerev" task[24m

[4mRunning "filerev:dist" (filerev) task[24m
Verifying property [36mfilerev.dist[39m exists in config...[32mOK[39m
Files: [36mdist/scripts/scripts.js[39m, [36mdist/scripts/vendor.js[39m, [36mdist/styles/main.css[39m, [36mdist/styles/vendor.css[39m
Options: [36malgorithm="md5"[39m, [36mlength=8[39m
✔ dist/scripts/scripts.js changed to scripts.55a93c8d.js
✔ dist/scripts/vendor.js changed to vendor.6dd24030.js
✔ dist/styles/main.css changed to main.fc556139.css
✔ dist/styles/vendor.css changed to vendor.d41d8cd9.css
Revved 4 files

[4mRunning "usemin" task[24m

[4mRunning "usemin:html" (usemin) task[24m
Verifying property [36musemin.html[39m exists in config...[32mOK[39m
Files: [36mdist/404.html[39m, [36mdist/index.html[39m, [36mdist/views/facebook.html[39m, [36mdist/views/footer.html[39m, [36mdist/views/header.html[39m -> [36mhtml[39m
Options: [36mtype="html"[39m, [36massetsDirs=["dist","dist/images","dist/styles"][39m
Processing as HTML - dist/404.html
Update the HTML to reference our concat/min/revved script files
Update the HTML with the new css filenames
Update the HTML with the new img filenames
Update the HTML with the new video filenames
Update the HTML with the new poster filenames
Update the HTML with the new source filenames
Update the HTML with data-main tags
Update the HTML with data-* tags
Update the HTML with background imgs, case there is some inline style
Update the HTML with anchors images
Update the HTML with reference in input
Update the HTML with the new img filenames in meta tags
Update the HTML with the new object filenames
Update the HTML with the new image filenames for svg xlink:href links
Update the HTML with the new image filenames for src links
Update the HTML with the new image filenames for srcset links
Update the HTML within the <use> tag when referencing an external url with svg sprites as in svg4everybody
Writing dist/404.html...[32mOK[39m
Processing as HTML - dist/index.html
Update the HTML to reference our concat/min/revved script files
scripts/vendor.js changed to scripts/vendor.6dd24030.js
scripts/scripts.js changed to scripts/scripts.55a93c8d.js
Update the HTML with the new css filenames
styles/main.css changed to styles/main.fc556139.css
Update the HTML with the new img filenames
Update the HTML with the new video filenames
Update the HTML with the new poster filenames
Update the HTML with the new source filenames
Update the HTML with data-main tags
Update the HTML with data-* tags
Update the HTML with background imgs, case there is some inline style
Update the HTML with anchors images
Update the HTML with reference in input
Update the HTML with the new img filenames in meta tags
Update the HTML with the new object filenames
Update the HTML with the new image filenames for svg xlink:href links
Update the HTML with the new image filenames for src links
Update the HTML with the new image filenames for srcset links
Update the HTML within the <use> tag when referencing an external url with svg sprites as in svg4everybody
Writing dist/index.html...[32mOK[39m
Processing as HTML - dist/views/facebook.html
Update the HTML to reference our concat/min/revved script files
Update the HTML with the new css filenames
Update the HTML with the new img filenames
Update the HTML with the new video filenames
Update the HTML with the new poster filenames
Update the HTML with the new source filenames
Update the HTML with data-main tags
Update the HTML with data-* tags
Update the HTML with background imgs, case there is some inline style
Update the HTML with anchors images
Update the HTML with reference in input
Update the HTML with the new img filenames in meta tags
Update the HTML with the new object filenames
Update the HTML with the new image filenames for svg xlink:href links
Update the HTML with the new image filenames for src links
Update the HTML with the new image filenames for srcset links
Update the HTML within the <use> tag when referencing an external url with svg sprites as in svg4everybody
Writing dist/views/facebook.html...[32mOK[39m
Processing as HTML - dist/views/footer.html
Update the HTML to reference our concat/min/revved script files
Update the HTML with the new css filenames
Update the HTML with the new img filenames
Update the HTML with the new video filenames
Update the HTML with the new poster filenames
Update the HTML with the new source filenames
Update the HTML with data-main tags
Update the HTML with data-* tags
Update the HTML with background imgs, case there is some inline style
Update the HTML with anchors images
Update the HTML with reference in input
Update the HTML with the new img filenames in meta tags
Update the HTML with the new object filenames
Update the HTML with the new image filenames for svg xlink:href links
Update the HTML with the new image filenames for src links
Update the HTML with the new image filenames for srcset links
Update the HTML within the <use> tag when referencing an external url with svg sprites as in svg4everybody
Writing dist/views/footer.html...[32mOK[39m
Processing as HTML - dist/views/header.html
Update the HTML to reference our concat/min/revved script files
Update the HTML with the new css filenames
Update the HTML with the new img filenames
Update the HTML with the new video filenames
Update the HTML with the new poster filenames
Update the HTML with the new source filenames
Update the HTML with data-main tags
Update the HTML with data-* tags
Update the HTML with background imgs, case there is some inline style
Update the HTML with anchors images
Update the HTML with reference in input
Update the HTML with the new img filenames in meta tags
Update the HTML with the new object filenames
Update the HTML with the new image filenames for svg xlink:href links
Update the HTML with the new image filenames for src links
Update the HTML with the new image filenames for srcset links
Update the HTML within the <use> tag when referencing an external url with svg sprites as in svg4everybody
Writing dist/views/header.html...[32mOK[39m
Replaced 5 references to assets

[4mRunning "usemin:css" (usemin) task[24m
Verifying property [36musemin.css[39m exists in config...[32mOK[39m
Files: [36mdist/styles/main.fc556139.css[39m, [36mdist/styles/vendor.d41d8cd9.css[39m -> [36mcss[39m
Options: [36mtype="css"[39m, [36massetsDirs=["dist","dist/images","dist/styles"][39m
Processing as CSS - dist/styles/main.fc556139.css
Update the CSS to reference our revved images
Writing dist/styles/main.fc556139.css...[32mOK[39m
Processing as CSS - dist/styles/vendor.d41d8cd9.css
Update the CSS to reference our revved images
Writing dist/styles/vendor.d41d8cd9.css...[32mOK[39m
Replaced 2 references to assets

[4mRunning "htmlmin" task[24m

[4mRunning "htmlmin:dist" (htmlmin) task[24m
Verifying property [36mhtmlmin.dist[39m exists in config...[32mOK[39m
Files: [36mdist/404.html[39m -> [36mdist/404.html[39m
Files: [36mdist/index.html[39m -> [36mdist/index.html[39m
Files: [36mdist/views/facebook.html[39m -> [36mdist/views/facebook.html[39m
Files: [36mdist/views/footer.html[39m -> [36mdist/views/footer.html[39m
Files: [36mdist/views/header.html[39m -> [36mdist/views/header.html[39m
Options: [36mcollapseWhitespace[39m, [36mconservativeCollapse[39m, [36mcollapseBooleanAttributes[39m, [36mremoveCommentsFromCDATA[39m, [36mremoveOptionalTags[39m
Reading dist/404.html...[32mOK[39m
Writing dist/404.html...[32mOK[39m
Minified dist/404.html 3.53 kB → 3.39 kB
Reading dist/index.html...[32mOK[39m
Writing dist/index.html...[32mOK[39m
Minified dist/index.html 1.44 kB → 1.28 kB
Reading dist/views/facebook.html...[32mOK[39m
Writing dist/views/facebook.html...[32mOK[39m
Minified dist/views/facebook.html 1.07 kB → 716 B
Reading dist/views/footer.html...[32mOK[39m
Writing dist/views/footer.html...[32mOK[39m
Minified dist/views/footer.html 21 B → 20 B
Reading dist/views/header.html...[32mOK[39m
Writing dist/views/header.html...[32mOK[39m
Minified dist/views/header.html 744 B → 657 B
Minified 5 files

[32mDone, without errors.[39m


Execution Time (2016-02-04 10:38:09 UTC)
loading tasks          8ms  0%
clean:dist            25ms  0%
wiredep:app           68ms  0%
wiredep:test          18ms  0%
useminPrepare:html    58ms  0%
concurrent:dist       8.7s  ▇▇▇▇▇▇▇▇▇▇▇▇▇▇▇ 35%
autoprefixer:server   71ms  0%
autoprefixer:dist      9ms  0%
concat:generated     150ms  ▇ 1%
ngAnnotate:dist       1.1s  ▇▇ 5%
copy:dist            127ms  ▇ 1%
cdnify:dist             6s  ▇▇▇▇▇▇▇▇▇▇ 24%
cssmin:generated      38ms  0%
uglify:generated      8.3s  ▇▇▇▇▇▇▇▇▇▇▇▇▇▇ 33%
filerev:dist          11ms  0%
usemin:html           18ms  0%
usemin:css             6ms  0%
htmlmin:dist          48ms  0%
Total 24.7s

